[2020-11-26 14:31:16.087] [exthost] [info] extension host started
[2020-11-26 14:31:16.130] [exthost] [info] ExtensionService#_doActivateExtension vscode.microsoft-authentication {"startup":false,"extensionId":{"value":"vscode.microsoft-authentication","_lower":"vscode.microsoft-authentication"},"activationEvent":"onAuthenticationRequest:microsoft"}
[2020-11-26 14:31:16.131] [exthost] [info] ExtensionService#loadCommonJSModule file:///usr/share/code/resources/app/extensions/microsoft-authentication/dist/extension.js
[2020-11-26 14:31:16.144] [exthost] [info] ExtensionService#_doActivateExtension redhat.java {"startup":false,"extensionId":{"value":"vscjava.vscode-java-test","_lower":"vscjava.vscode-java-test"},"activationEvent":"onLanguage:java"}
[2020-11-26 14:31:16.144] [exthost] [info] ExtensionService#loadCommonJSModule file:///home/bezalel3250/.vscode/extensions/redhat.java-0.71.0/dist/extension
[2020-11-26 14:31:16.246] [exthost] [info] ExtensionService#_doActivateExtension VisualStudioExptTeam.vscodeintellicode {"startup":false,"extensionId":{"value":"VisualStudioExptTeam.vscodeintellicode","_lower":"visualstudioexptteam.vscodeintellicode"},"activationEvent":"onLanguage:java"}
[2020-11-26 14:31:16.246] [exthost] [info] ExtensionService#loadCommonJSModule file:///home/bezalel3250/.vscode/extensions/visualstudioexptteam.vscodeintellicode-1.2.10/dist/intellicode
[2020-11-26 14:31:16.342] [exthost] [info] ExtensionService#_doActivateExtension vscjava.vscode-java-debug {"startup":false,"extensionId":{"value":"vscjava.vscode-java-test","_lower":"vscjava.vscode-java-test"},"activationEvent":"onLanguage:java"}
[2020-11-26 14:31:16.342] [exthost] [info] ExtensionService#loadCommonJSModule file:///home/bezalel3250/.vscode/extensions/vscjava.vscode-java-debug-0.29.0/dist/extension
[2020-11-26 14:31:16.364] [exthost] [info] ExtensionService#_doActivateExtension vscjava.vscode-java-dependency {"startup":false,"extensionId":{"value":"vscjava.vscode-java-dependency","_lower":"vscjava.vscode-java-dependency"},"activationEvent":"onLanguage:java"}
[2020-11-26 14:31:16.364] [exthost] [info] ExtensionService#loadCommonJSModule file:///home/bezalel3250/.vscode/extensions/vscjava.vscode-java-dependency-0.15.0/dist/extension
[2020-11-26 14:31:16.403] [exthost] [info] ExtensionService#_doActivateExtension vscjava.vscode-java-pack {"startup":false,"extensionId":{"value":"vscjava.vscode-java-pack","_lower":"vscjava.vscode-java-pack"},"activationEvent":"onLanguage:java"}
[2020-11-26 14:31:16.403] [exthost] [info] ExtensionService#loadCommonJSModule file:///home/bezalel3250/.vscode/extensions/vscjava.vscode-java-pack-0.11.0/out/extension
[2020-11-26 14:31:16.467] [exthost] [info] ExtensionService#_doActivateExtension vscode.debug-auto-launch {"startup":true,"extensionId":{"value":"vscode.debug-auto-launch","_lower":"vscode.debug-auto-launch"},"activationEvent":"*"}
[2020-11-26 14:31:16.467] [exthost] [info] ExtensionService#loadCommonJSModule file:///usr/share/code/resources/app/extensions/debug-auto-launch/dist/extension
[2020-11-26 14:31:16.471] [exthost] [info] ExtensionService#_doActivateExtension vscode.emmet {"startup":true,"extensionId":{"value":"vscode.emmet","_lower":"vscode.emmet"},"activationEvent":"*"}
[2020-11-26 14:31:16.471] [exthost] [info] ExtensionService#loadCommonJSModule file:///usr/share/code/resources/app/extensions/emmet/dist/node/emmetNodeMain
[2020-11-26 14:31:16.488] [exthost] [info] ExtensionService#_doActivateExtension vscode.git {"startup":true,"extensionId":{"value":"vscode.github","_lower":"vscode.github"},"activationEvent":"*"}
[2020-11-26 14:31:16.488] [exthost] [info] ExtensionService#loadCommonJSModule file:///usr/share/code/resources/app/extensions/git/dist/main
[2020-11-26 14:31:16.507] [exthost] [info] ExtensionService#_doActivateExtension vscode.merge-conflict {"startup":true,"extensionId":{"value":"vscode.merge-conflict","_lower":"vscode.merge-conflict"},"activationEvent":"*"}
[2020-11-26 14:31:16.507] [exthost] [info] ExtensionService#loadCommonJSModule file:///usr/share/code/resources/app/extensions/merge-conflict/dist/mergeConflictMain
[2020-11-26 14:31:16.511] [exthost] [info] ExtensionService#_doActivateExtension vscode.search-result {"startup":true,"extensionId":{"value":"vscode.search-result","_lower":"vscode.search-result"},"activationEvent":"*"}
[2020-11-26 14:31:16.511] [exthost] [info] ExtensionService#loadCommonJSModule file:///usr/share/code/resources/app/extensions/search-result/dist/extension.js
[2020-11-26 14:31:16.655] [exthost] [error] Activating extension redhat.java failed due to an error:
[2020-11-26 14:31:16.655] [exthost] [error] {"message":"Java 11 or more recent is required to run the Java extension. Please download and install a recent JDK. You can still compile your projects with older JDKs by configuring ['java.configuration.runtimes'](https://github.com/redhat-developer/vscode-java/wiki/JDK-Requirements#java.configuration.runtimes)","label":"Get the Java Development Kit","command":"vscode.open","commandParam":{"$mid":1,"path":"/products/openjdk/download/","scheme":"https","authority":"developers.redhat.com","query":"sc_cid=701f2000000RWTnAAO"}}
[2020-11-26 14:31:16.829] [exthost] [info] ExtensionService#_doActivateExtension vscode.github {"startup":true,"extensionId":{"value":"vscode.github","_lower":"vscode.github"},"activationEvent":"*"}
[2020-11-26 14:31:16.829] [exthost] [info] ExtensionService#loadCommonJSModule file:///usr/share/code/resources/app/extensions/github/dist/extension.js
[2020-11-26 14:31:16.895] [exthost] [info] ExtensionService#_doActivateExtension ms-vscode.js-debug {"startup":false,"extensionId":{"value":"ms-vscode.js-debug","_lower":"ms-vscode.js-debug"},"activationEvent":"onCommand:extension.js-debug.clearAutoAttachVariables"}
[2020-11-26 14:31:16.895] [exthost] [info] ExtensionService#loadCommonJSModule file:///usr/share/code/resources/app/extensions/ms-vscode.js-debug/src/extension.js
[2020-11-26 14:31:17.020] [exthost] [info] eager extensions activated
[2020-11-26 14:31:17.061] [exthost] [info] ExtensionService#_doActivateExtension vscode.github-authentication {"startup":false,"extensionId":{"value":"vscode.github-authentication","_lower":"vscode.github-authentication"},"activationEvent":"onAuthenticationRequest:github"}
[2020-11-26 14:31:17.061] [exthost] [info] ExtensionService#loadCommonJSModule file:///usr/share/code/resources/app/extensions/github-authentication/dist/extension.js
[2020-11-26 14:39:11.764] [exthost] [info] extension host started
[2020-11-26 14:39:11.819] [exthost] [info] ExtensionService#_doActivateExtension vscode.microsoft-authentication {"startup":false,"extensionId":{"value":"vscode.microsoft-authentication","_lower":"vscode.microsoft-authentication"},"activationEvent":"onAuthenticationRequest:microsoft"}
[2020-11-26 14:39:11.819] [exthost] [info] ExtensionService#loadCommonJSModule file:///usr/share/code/resources/app/extensions/microsoft-authentication/dist/extension.js
[2020-11-26 14:39:11.839] [exthost] [info] ExtensionService#_doActivateExtension vscode.debug-auto-launch {"startup":true,"extensionId":{"value":"vscode.debug-auto-launch","_lower":"vscode.debug-auto-launch"},"activationEvent":"*"}
[2020-11-26 14:39:11.839] [exthost] [info] ExtensionService#loadCommonJSModule file:///usr/share/code/resources/app/extensions/debug-auto-launch/dist/extension
[2020-11-26 14:39:11.842] [exthost] [info] ExtensionService#_doActivateExtension vscode.emmet {"startup":true,"extensionId":{"value":"vscode.emmet","_lower":"vscode.emmet"},"activationEvent":"*"}
[2020-11-26 14:39:11.847] [exthost] [info] ExtensionService#loadCommonJSModule file:///usr/share/code/resources/app/extensions/emmet/dist/node/emmetNodeMain
[2020-11-26 14:39:11.862] [exthost] [info] ExtensionService#_doActivateExtension vscode.git {"startup":true,"extensionId":{"value":"vscode.github","_lower":"vscode.github"},"activationEvent":"*"}
[2020-11-26 14:39:11.862] [exthost] [info] ExtensionService#loadCommonJSModule file:///usr/share/code/resources/app/extensions/git/dist/main
[2020-11-26 14:39:11.877] [exthost] [info] ExtensionService#_doActivateExtension vscode.merge-conflict {"startup":true,"extensionId":{"value":"vscode.merge-conflict","_lower":"vscode.merge-conflict"},"activationEvent":"*"}
[2020-11-26 14:39:11.877] [exthost] [info] ExtensionService#loadCommonJSModule file:///usr/share/code/resources/app/extensions/merge-conflict/dist/mergeConflictMain
[2020-11-26 14:39:11.879] [exthost] [info] ExtensionService#_doActivateExtension vscode.search-result {"startup":true,"extensionId":{"value":"vscode.search-result","_lower":"vscode.search-result"},"activationEvent":"*"}
[2020-11-26 14:39:11.879] [exthost] [info] ExtensionService#loadCommonJSModule file:///usr/share/code/resources/app/extensions/search-result/dist/extension.js
[2020-11-26 14:39:11.980] [exthost] [info] ExtensionService#_doActivateExtension vscode.github {"startup":true,"extensionId":{"value":"vscode.github","_lower":"vscode.github"},"activationEvent":"*"}
[2020-11-26 14:39:11.980] [exthost] [info] ExtensionService#loadCommonJSModule file:///usr/share/code/resources/app/extensions/github/dist/extension.js
[2020-11-26 14:39:12.038] [exthost] [info] ExtensionService#_doActivateExtension ms-vscode.js-debug {"startup":false,"extensionId":{"value":"ms-vscode.js-debug","_lower":"ms-vscode.js-debug"},"activationEvent":"onCommand:extension.js-debug.clearAutoAttachVariables"}
[2020-11-26 14:39:12.039] [exthost] [info] ExtensionService#loadCommonJSModule file:///usr/share/code/resources/app/extensions/ms-vscode.js-debug/src/extension.js
[2020-11-26 14:39:12.158] [exthost] [info] eager extensions activated
[2020-11-26 14:39:12.174] [exthost] [info] ExtensionService#_doActivateExtension vscode.github-authentication {"startup":false,"extensionId":{"value":"vscode.github-authentication","_lower":"vscode.github-authentication"},"activationEvent":"onAuthenticationRequest:github"}
[2020-11-26 14:39:12.174] [exthost] [info] ExtensionService#loadCommonJSModule file:///usr/share/code/resources/app/extensions/github-authentication/dist/extension.js
[2020-11-26 14:43:10.887] [exthost] [info] ExtensionService#_doActivateExtension ms-vscode.cpptools {"startup":false,"extensionId":{"value":"ms-vscode.cpptools","_lower":"ms-vscode.cpptools"},"activationEvent":"onLanguage:c"}
[2020-11-26 14:43:10.887] [exthost] [info] ExtensionService#loadCommonJSModule file:///home/bezalel3250/.vscode/extensions/ms-vscode.cpptools-1.1.2/dist/main
[2020-11-26 14:43:14.269] [exthost] [error] [ms-vscode.cpptools] provider FAILED
[2020-11-26 14:43:14.269] [exthost] [error] undefined
[2020-11-26 14:43:17.374] [exthost] [error] [ms-vscode.cpptools] provider FAILED
[2020-11-26 14:43:17.374] [exthost] [error] undefined
[2020-11-26 14:43:24.833] [exthost] [error] [ms-vscode.cpptools] provider FAILED
[2020-11-26 14:43:24.833] [exthost] [error] undefined
[2020-11-26 14:43:26.025] [exthost] [warning] ms-vscode.cpptools - Code actions of kind 'quickfix 'requested but returned code action does not have a 'kind'. Code action will be dropped. Please set 'CodeAction.kind'.
[2020-11-26 14:43:26.025] [exthost] [warning] ms-vscode.cpptools - Code actions of kind 'quickfix 'requested but returned code action does not have a 'kind'. Code action will be dropped. Please set 'CodeAction.kind'.
[2020-11-26 14:43:26.026] [exthost] [warning] ms-vscode.cpptools - Code actions of kind 'quickfix 'requested but returned code action does not have a 'kind'. Code action will be dropped. Please set 'CodeAction.kind'.
[2020-11-26 14:43:37.278] [exthost] [error] [ms-vscode.cpptools] provider FAILED
[2020-11-26 14:43:37.278] [exthost] [error] undefined
[2020-11-26 14:43:47.771] [exthost] [error] [ms-vscode.cpptools] provider FAILED
[2020-11-26 14:43:47.771] [exthost] [error] undefined
[2020-11-26 14:43:50.200] [exthost] [error] [ms-vscode.cpptools] provider FAILED
[2020-11-26 14:43:50.200] [exthost] [error] undefined
[2020-11-26 14:43:54.779] [exthost] [error] [ms-vscode.cpptools] provider FAILED
[2020-11-26 14:43:54.779] [exthost] [error] undefined
[2020-11-26 14:44:03.714] [exthost] [warning] ms-vscode.cpptools - Code actions of kind 'quickfix 'requested but returned code action does not have a 'kind'. Code action will be dropped. Please set 'CodeAction.kind'.
[2020-11-26 14:44:03.714] [exthost] [warning] ms-vscode.cpptools - Code actions of kind 'quickfix 'requested but returned code action does not have a 'kind'. Code action will be dropped. Please set 'CodeAction.kind'.
[2020-11-26 14:44:03.715] [exthost] [warning] ms-vscode.cpptools - Code actions of kind 'quickfix 'requested but returned code action does not have a 'kind'. Code action will be dropped. Please set 'CodeAction.kind'.
